Using pre-set license
Built from '2022.3/staging' branch; Version is '2022.3.4f1 (35713cd46cd7) revision 3502396'; Using compiler version '192829333'; Build Type 'Release'
OS: 'Windows 10  (10.0.19041) 64bit CoreSingleLanguage' Language: 'en' Physical Memory: 7549 MB
BatchMode: 1, IsHumanControllingUs: 0, StartBugReporterOnCrash: 0, Is64bit: 1, IsPro: 1

COMMAND LINE ARGUMENTS:
C:\Program Files\Unity\Hub\Editor\2022.3.4f1\Editor\Unity.exe
-adb2
-batchMode
-noUpm
-name
AssetImportWorker1
-projectPath
C:/Users/aayus/My project
-logFile
Logs/AssetImportWorker1.log
-srvPort
64678
Successfully changed project path to: C:/Users/aayus/My project
C:/Users/aayus/My project
[UnityMemory] Configuration Parameters - Can be set up in boot.config
    "memorysetup-bucket-allocator-granularity=16"
    "memorysetup-bucket-allocator-bucket-count=8"
    "memorysetup-bucket-allocator-block-size=33554432"
    "memorysetup-bucket-allocator-block-count=8"
    "memorysetup-main-allocator-block-size=16777216"
    "memorysetup-thread-allocator-block-size=16777216"
    "memorysetup-gfx-main-allocator-block-size=16777216"
    "memorysetup-gfx-thread-allocator-block-size=16777216"
    "memorysetup-cache-allocator-block-size=4194304"
    "memorysetup-typetree-allocator-block-size=2097152"
    "memorysetup-profiler-bucket-allocator-granularity=16"
    "memorysetup-profiler-bucket-allocator-bucket-count=8"
    "memorysetup-profiler-bucket-allocator-block-size=33554432"
    "memorysetup-profiler-bucket-allocator-block-count=8"
    "memorysetup-profiler-allocator-block-size=16777216"
    "memorysetup-profiler-editor-allocator-block-size=1048576"
    "memorysetup-temp-allocator-size-main=16777216"
    "memorysetup-job-temp-allocator-block-size=2097152"
    "memorysetup-job-temp-allocator-block-size-background=1048576"
    "memorysetup-job-temp-allocator-reduction-small-platforms=262144"
    "memorysetup-allocator-temp-initial-block-size-main=262144"
    "memorysetup-allocator-temp-initial-block-size-worker=262144"
    "memorysetup-temp-allocator-size-background-worker=32768"
    "memorysetup-temp-allocator-size-job-worker=262144"
    "memorysetup-temp-allocator-size-preload-manager=33554432"
    "memorysetup-temp-allocator-size-nav-mesh-worker=65536"
    "memorysetup-temp-allocator-size-audio-worker=65536"
    "memorysetup-temp-allocator-size-cloud-worker=32768"
    "memorysetup-temp-allocator-size-gi-baking-worker=262144"
    "memorysetup-temp-allocator-size-gfx=262144"
Player connection [14432] Host "[IP] 100.117.24.221 [Port] 0 [Flags] 2 [Guid] 908448256 [EditorId] 908448256 [Version] 1048832 [Id] WindowsEditor(7,intelsucks) [Debug] 1 [PackageName] WindowsEditor [ProjectName] Editor" joined multi-casting on [225.0.0.222:54997]...

Player connection [14432] Host "[IP] 100.117.24.221 [Port] 0 [Flags] 2 [Guid] 908448256 [EditorId] 908448256 [Version] 1048832 [Id] WindowsEditor(7,intelsucks) [Debug] 1 [PackageName] WindowsEditor [ProjectName] Editor" joined alternative multi-casting on [225.0.0.222:34997]...

Refreshing native plugins compatible for Editor in 54.46 ms, found 4 plugins.
Preloading 0 native plugins for Editor in 0.00 ms.
Initialize engine version: 2022.3.4f1 (35713cd46cd7)
[Subsystems] Discovering subsystems at path C:/Program Files/Unity/Hub/Editor/2022.3.4f1/Editor/Data/Resources/UnitySubsystems
[Subsystems] Discovering subsystems at path C:/Users/aayus/My project/Assets
GfxDevice: creating device client; threaded=0; jobified=0
Direct3D:
    Version:  Direct3D 11.0 [level 11.1]
    Renderer: NVIDIA GeForce GTX 1650 (ID=0x1f99)
    Vendor:   NVIDIA
    VRAM:     3962 MB
    Driver:   31.0.15.2225
Initialize mono
Mono path[0] = 'C:/Program Files/Unity/Hub/Editor/2022.3.4f1/Editor/Data/Managed'
Mono path[1] = 'C:/Program Files/Unity/Hub/Editor/2022.3.4f1/Editor/Data/MonoBleedingEdge/lib/mono/unityjit-win32'
Mono config path = 'C:/Program Files/Unity/Hub/Editor/2022.3.4f1/Editor/Data/MonoBleedingEdge/etc'
Using monoOptions --debugger-agent=transport=dt_socket,embedding=1,server=y,suspend=n,address=127.0.0.1:56872
Begin MonoManager ReloadAssembly
Registering precompiled unity dll's ...
Register platform support module: C:/Program Files/Unity/Hub/Editor/2022.3.4f1/Editor/Data/PlaybackEngines/WebGLSupport/UnityEditor.WebGL.Extensions.dll
Register platform support module: C:/Program Files/Unity/Hub/Editor/2022.3.4f1/Editor/Data/PlaybackEngines/AndroidPlayer/UnityEditor.Android.Extensions.dll
Register platform support module: C:/Program Files/Unity/Hub/Editor/2022.3.4f1/Editor/Data/PlaybackEngines/WindowsStandaloneSupport/UnityEditor.WindowsStandalone.Extensions.dll
Registered in 0.023935 seconds.
- Loaded All Assemblies, in  0.702 seconds
Native extension for WindowsStandalone target not found
Native extension for Android target not found
CommandWithNoStdoutInvokationFailure: Unable to start ADB server. Please make sure the Android SDK is installed and is properly configured in the Editor. See the Console for more details.
  at UnityEditor.Android.Command.RunWithShellExecute (System.String command, System.String args, System.String workingdir, System.String errorMsg) [0x00060] in <b417242467964bd1aa8aad6e355fdf88>:0 
  at UnityEditor.Android.ADB.StartServer () [0x00013] in <b417242467964bd1aa8aad6e355fdf88>:0 
  at UnityEditor.Android.ADB.Run (System.String[] command, UnityEditor.Android.Command+WaitingForProcessToExit waitingForProcessToExit, System.String errorMsg) [0x0000b] in <b417242467964bd1aa8aad6e355fdf88>:0 
  at UnityEditor.Android.AndroidDeploymentTargetsExtension.GetKnownTargets (UnityEditor.DeploymentTargets.IDeploymentTargetsMainThreadContext context, UnityEditor.ProgressHandler progressHandler) [0x00284] in <b417242467964bd1aa8aad6e355fdf88>:0 
  at UnityEditor.Android.TargetScanWorker.ScanSync () [0x00039] in <b417242467964bd1aa8aad6e355fdf88>:0 
  at UnityEditor.Android.TargetExtension.OnUsbDevicesChanged (UnityEditor.Hardware.UsbDevice[] usbDevices) [0x00081] in <b417242467964bd1aa8aad6e355fdf88>:0 
  at UnityEditor.Android.TargetExtension.OnLoad () [0x000ad] in <b417242467964bd1aa8aad6e355fdf88>:0 
  at UnityEditor.Modules.ModuleManager.InitializePlatformSupportModules () [0x0009d] in <da771086bc2e4cfc9ad0a72e083a7f98>:0 

Mono: successfully reloaded assembly
- Finished resetting the current domain, in  4.891 seconds
Domain Reload Profiling: 5590ms
	BeginReloadAssembly (236ms)
		ExecutionOrderSort (0ms)
		DisableScriptedObjects (0ms)
		BackupInstance (0ms)
		ReleaseScriptingObjects (0ms)
		CreateAndSetChildDomain (1ms)
	RebuildCommonClasses (49ms)
	RebuildNativeTypeToScriptingClass (13ms)
	initialDomainReloadingComplete (115ms)
	LoadAllAssembliesAndSetupDomain (286ms)
		LoadAssemblies (229ms)
		RebuildTransferFunctionScriptingTraits (0ms)
		AnalyzeDomain (273ms)
			TypeCache.Refresh (271ms)
				TypeCache.ScanAssembly (242ms)
			ScanForSourceGeneratedMonoScriptInfo (1ms)
			ResolveRequiredComponents (1ms)
	FinalizeReload (4892ms)
		ReleaseScriptCaches (0ms)
		RebuildScriptCaches (0ms)
		SetupLoadedEditorAssemblies (4779ms)
			LogAssemblyErrors (0ms)
			InitializePlatformSupportModulesInManaged (4431ms)
			SetLoadedEditorAssemblies (12ms)
			RefreshPlugins (0ms)
			BeforeProcessingInitializeOnLoad (4ms)
			ProcessInitializeOnLoadAttributes (215ms)
			ProcessInitializeOnLoadMethodAttributes (116ms)
			AfterProcessingInitializeOnLoad (0ms)
			EditorAssembliesLoaded (1ms)
		ExecutionOrderSort2 (0ms)
		AwakeInstancesAfterBackupRestoration (0ms)
========================================================================
Worker process is ready to serve import requests
Begin MonoManager ReloadAssembly
Symbol file LoadedFromMemory doesn't match image C:\Users\aayus\My project\Library\PackageCache\com.unity.visualscripting@1.8.0\Editor\VisualScripting.Core\Dependencies\YamlDotNet\Unity.VisualScripting.YamlDotNet.dll
Symbol file LoadedFromMemory doesn't match image C:\Users\aayus\My project\Library\PackageCache\com.unity.visualscripting@1.8.0\Editor\VisualScripting.Core\Dependencies\DotNetZip\Unity.VisualScripting.IonicZip.dll
Symbol file LoadedFromMemory is not a mono symbol file
- Loaded All Assemblies, in  3.292 seconds
Refreshing native plugins compatible for Editor in 49.08 ms, found 4 plugins.
Native extension for WindowsStandalone target not found
Native extension for Android target not found
Native extension for WebGL target not found
Package Manager log level set to [2]
[Package Manager] Server::EnsureServerProcessIsRunning -- launch failed, reason: Unity was launched with the -noUpm command-line argument
[Package Manager] UpmClient::Send -- Unable to send message (not connected to UPM process).
[Package Manager] Cannot connect to Unity Package Manager local server
Mono: successfully reloaded assembly
- Finished resetting the current domain, in  2.377 seconds
Domain Reload Profiling: 5662ms
	BeginReloadAssembly (420ms)
		ExecutionOrderSort (0ms)
		DisableScriptedObjects (12ms)
		BackupInstance (0ms)
		ReleaseScriptingObjects (1ms)
		CreateAndSetChildDomain (62ms)
	RebuildCommonClasses (77ms)
	RebuildNativeTypeToScriptingClass (23ms)
	initialDomainReloadingComplete (125ms)
	LoadAllAssembliesAndSetupDomain (2638ms)
		LoadAssemblies (1748ms)
		RebuildTransferFunctionScriptingTraits (0ms)
		AnalyzeDomain (1109ms)
			TypeCache.Refresh (957ms)
				TypeCache.ScanAssembly (871ms)
			ScanForSourceGeneratedMonoScriptInfo (122ms)
			ResolveRequiredComponents (30ms)
	FinalizeReload (2380ms)
		ReleaseScriptCaches (0ms)
		RebuildScriptCaches (0ms)
		SetupLoadedEditorAssemblies (1910ms)
			LogAssemblyErrors (0ms)
			InitializePlatformSupportModulesInManaged (113ms)
			SetLoadedEditorAssemblies (6ms)
			RefreshPlugins (0ms)
			BeforeProcessingInitializeOnLoad (182ms)
			ProcessInitializeOnLoadAttributes (1222ms)
			ProcessInitializeOnLoadMethodAttributes (372ms)
			AfterProcessingInitializeOnLoad (14ms)
			EditorAssembliesLoaded (1ms)
		ExecutionOrderSort2 (0ms)
		AwakeInstancesAfterBackupRestoration (22ms)
Launched and connected shader compiler UnityShaderCompiler.exe after 0.08 seconds
Refreshing native plugins compatible for Editor in 20.61 ms, found 4 plugins.
Preloading 0 native plugins for Editor in 0.00 ms.
Unloading 6850 Unused Serialized files (Serialized files now loaded: 0)
Unloading 131 unused Assets / (440.7 KB). Loaded Objects now: 7294.
Memory consumption went from 255.4 MB to 255.0 MB.
Total: 46.729500 ms (FindLiveObjects: 2.917400 ms CreateObjectMapping: 1.581800 ms MarkObjects: 32.326200 ms  DeleteObjects: 9.898300 ms)

AssetImportParameters requested are different than current active one (requested -> active):
  custom:container-demuxer-ogg: 62fdf1f143b41e24485cea50d1cbac27 -> 
  custom:framework-win-MediaFoundation: 216162199b28c13a410421893ffa2e32 -> 
  custom:container-muxer-webm: aa71ff27fc2769a1b78a27578f13a17b -> 
  custom:video-decoder-webm-vp8: 9c59270c3fd7afecdb556c50c9e8de78 -> 
  custom:AudioImporter_EditorPlatform: d09bf68614088b80899f8185d706f6e7 -> 
  custom:audio-decoder-ogg-vorbis: bf7c407c2cedff20999df2af8eb42d56 -> 
  custom:audio-encoder-webm-vorbis: bf7c407c2cedff20999df2af8eb42d56 -> 
  custom:video-decoder-ogg-theora: a1e56fd34408186e4bbccfd4996cb3dc -> 
  custom:CustomObjectIndexerAttribute: a3ef5dd2817f97addfee359851a9dba5 -> 
  custom:container-demuxer-webm: 4f35f7cbe854078d1ac9338744f61a02 -> 
  custom:video-encoder-webm-vp8: eb34c28f22e8b96e1ab97ce403110664 -> 
========================================================================
Received Import Request.
  Time since last request: 14517.574884 seconds.
  path: Assets/scripts/axeMaaro.cs
  artifactKey: Guid(57fe76477c1b0e14bb08a9ff9d720ecd) Importer(815301076,1909f56bfc062723c751e8b465ee728b)
Start importing Assets/scripts/axeMaaro.cs using Guid(57fe76477c1b0e14bb08a9ff9d720ecd) Importer(815301076,1909f56bfc062723c751e8b465ee728b)  -> (artifact id: 'bf4b7f65e3d370adbff4d8b1edce5061') in 0.042293 seconds
Number of updated asset objects reloaded before import = 0
Number of asset objects unloaded after import = 0
========================================================================
Received Import Request.
  Time since last request: 143.340411 seconds.
  path: Assets/CharacterPack/Player/Idle/player_idle_02.png
  artifactKey: Guid(6670414af17b4144faff174e66dba678) Importer(815301076,1909f56bfc062723c751e8b465ee728b)
Start importing Assets/CharacterPack/Player/Idle/player_idle_02.png using Guid(6670414af17b4144faff174e66dba678) Importer(815301076,1909f56bfc062723c751e8b465ee728b)  -> (artifact id: 'c5de505dc71a082f35081bf4b6f74561') in 1.369879 seconds
Number of updated asset objects reloaded before import = 0
Number of asset objects unloaded after import = 3
========================================================================
Received Import Request.
  Time since last request: 0.000146 seconds.
  path: Assets/CharacterPack/Player/Idle/player_idle_11.png
  artifactKey: Guid(e2dfe0de93b401f4e8e0ca8afd99186c) Importer(815301076,1909f56bfc062723c751e8b465ee728b)
Start importing Assets/CharacterPack/Player/Idle/player_idle_11.png using Guid(e2dfe0de93b401f4e8e0ca8afd99186c) Importer(815301076,1909f56bfc062723c751e8b465ee728b)  -> (artifact id: '64155b5ffec7ed1565edc068e6cb3af3') in 0.048076 seconds
Number of updated asset objects reloaded before import = 0
Number of asset objects unloaded after import = 3
========================================================================
Received Import Request.
  Time since last request: 0.000527 seconds.
  path: Assets/CharacterPack/Player/Idle/player_idle_12.png
  artifactKey: Guid(993637a5dad8cec4298a41ce99684d00) Importer(815301076,1909f56bfc062723c751e8b465ee728b)
Start importing Assets/CharacterPack/Player/Idle/player_idle_12.png using Guid(993637a5dad8cec4298a41ce99684d00) Importer(815301076,1909f56bfc062723c751e8b465ee728b)  -> (artifact id: 'aa4fae8224cc894e9db748e08208174b') in 0.047759 seconds
Number of updated asset objects reloaded before import = 0
Number of asset objects unloaded after import = 3
========================================================================
Received Import Request.
  Time since last request: 0.000038 seconds.
  path: Assets/CharacterPack/Player/Idle/player_idle_13.png
  artifactKey: Guid(ff41be8a4aa66f54199ee375a89967b7) Importer(815301076,1909f56bfc062723c751e8b465ee728b)
Start importing Assets/CharacterPack/Player/Idle/player_idle_13.png using Guid(ff41be8a4aa66f54199ee375a89967b7) Importer(815301076,1909f56bfc062723c751e8b465ee728b)  -> (artifact id: '0c0e75041cc9fc32ad9897398935c97b') in 0.031884 seconds
Number of updated asset objects reloaded before import = 0
Number of asset objects unloaded after import = 3
========================================================================
Received Import Request.
  Time since last request: 0.000030 seconds.
  path: Assets/CharacterPack/Player/Idle/player_idle_04.png
  artifactKey: Guid(80e74e267667d8e4183650316b6963d9) Importer(815301076,1909f56bfc062723c751e8b465ee728b)
Start importing Assets/CharacterPack/Player/Idle/player_idle_04.png using Guid(80e74e267667d8e4183650316b6963d9) Importer(815301076,1909f56bfc062723c751e8b465ee728b)  -> (artifact id: '07deea31892cb1aa0ba78eb46a7c76fb') in 0.032516 seconds
Number of updated asset objects reloaded before import = 0
Number of asset objects unloaded after import = 3
========================================================================
Received Import Request.
  Time since last request: 0.001176 seconds.
  path: Assets/CharacterPack/Player/Idle/player_idle_07.png
  artifactKey: Guid(7aa2ad0f45ba47e458afbe387f7655dc) Importer(815301076,1909f56bfc062723c751e8b465ee728b)
Start importing Assets/CharacterPack/Player/Idle/player_idle_07.png using Guid(7aa2ad0f45ba47e458afbe387f7655dc) Importer(815301076,1909f56bfc062723c751e8b465ee728b)  -> (artifact id: '290ea17e6f202f2d41785b442a791498') in 0.030957 seconds
Number of updated asset objects reloaded before import = 0
Number of asset objects unloaded after import = 3
========================================================================
Received Import Request.
  Time since last request: 0.000053 seconds.
  path: Assets/CharacterPack/Player/Idle/player_idle_10.png
  artifactKey: Guid(9cd0363330c1de14c859c44b11fe9774) Importer(815301076,1909f56bfc062723c751e8b465ee728b)
Start importing Assets/CharacterPack/Player/Idle/player_idle_10.png using Guid(9cd0363330c1de14c859c44b11fe9774) Importer(815301076,1909f56bfc062723c751e8b465ee728b)  -> (artifact id: '7dac1417faf395d09c8e270b630f556d') in 0.033679 seconds
Number of updated asset objects reloaded before import = 0
Number of asset objects unloaded after import = 3
========================================================================
Received Import Request.
  Time since last request: 0.000083 seconds.
  path: Assets/CharacterPack/Player/Idle/player_idle_14.png
  artifactKey: Guid(65d93911b5a25734489324ab4ac88e7a) Importer(815301076,1909f56bfc062723c751e8b465ee728b)
Start importing Assets/CharacterPack/Player/Idle/player_idle_14.png using Guid(65d93911b5a25734489324ab4ac88e7a) Importer(815301076,1909f56bfc062723c751e8b465ee728b)  -> (artifact id: '6271b0402ed22639accaca0c5ac8c8f3') in 0.034346 seconds
Number of updated asset objects reloaded before import = 0
Number of asset objects unloaded after import = 3
========================================================================
Received Import Request.
  Time since last request: 0.000802 seconds.
  path: Assets/CharacterPack/Player/Idle/player_idle_09.png
  artifactKey: Guid(f3252c39ca612514ead9424cfa52b116) Importer(815301076,1909f56bfc062723c751e8b465ee728b)
Start importing Assets/CharacterPack/Player/Idle/player_idle_09.png using Guid(f3252c39ca612514ead9424cfa52b116) Importer(815301076,1909f56bfc062723c751e8b465ee728b)  -> (artifact id: 'eb8a05930a23356fe8e49bbbe2052ee2') in 0.027489 seconds
Number of updated asset objects reloaded before import = 0
Number of asset objects unloaded after import = 3
Editor requested this worker to shutdown with reason: Scaling down because of idle timeout
TcpMessagingSession - receive error: operation aborted. errorcode: 995, details: The I/O operation has been aborted because of either a thread exit or an application request.
AssetImportWorker is now disconnected from the server
Process exiting
Exiting without the bug reporter. Application will terminate with return code 0